#batteryCapacity:6000;;
#steerLimits:0;;
#kl:0;;
#kl:30;;
#instant:1;;
#battery:1;;
#imu:1;;
#resourceMonitor:1;;
#brake:0;;
#steer:0;;
#speed:250;;
#steer:0;;
#speed:250;;
#steer:0;;
#speed:250;;
#steer:0;;
#speed:250;;
#steer:0;;
#speed:250;;
#steer:0;;
#speed:250;;
#steer:0;;
#speed:250;;
#steer:0;;
#speed:250;;
#steer:0;;
#speed:250;;
#steer:0;;
#speed:250;;
#steer:0;;
#speed:250;;
#steer:0;;
#speed:250;;
#steer:0;;
#speed:250;;
#steer:78;;
#speed:250;;
#steer:0;;
#speed:250;;
#steer:0;;
#speed:250;;
#steer:119;;
#speed:165;;
#steer:16;;
#speed:170;;
#steer:150;;
#speed:80;;
#steer:106;;
#speed:85;;
#steer:32;;
#speed:90;;
#steer:100;;
#speed:95;;
#steer:169;;
#speed:80;;
#steer:112;;
#speed:85;;
#steer:83;;
#speed:90;;
#steer:72;;
#speed:95;;
#steer:142;;
#speed:100;;
#steer:14;;
#speed:105;;
#steer:102;;
#speed:110;;
#steer:210;;
#speed:80;;
#steer:92;;
#speed:85;;
#steer:146;;
#speed:90;;
#steer:163;;
#speed:80;;
#speed:80;;
#steer:163;;
#steer:56;;
#speed:85;;
#steer:101;;
#speed:90;;
#steer:48;;
#speed:95;;
#steer:140;;
#speed:100;;
#steer:186;;
#speed:80;;
#steer:74;;
#speed:85;;
#steer:74;;
#speed:90;;
#steer:166;;
#speed:80;;
#steer:114;;
#speed:85;;
#steer:250;;
#speed:80;;
#steer:138;;
#speed:85;;
#steer:152;;
#speed:80;;
#steer:95;;
#speed:85;;
#steer:18;;
#speed:90;;
#steer:18;;
#speed:95;;
#steer:106;;
#speed:100;;
#steer:228;;
#speed:80;;
#steer:143;;
#speed:85;;
#steer:250;;
#speed:80;;
#steer:161;;
#speed:80;;
#steer:77;;
#speed:85;;
#steer:170;;
#speed:80;;
#steer:81;;
#speed:85;;
#steer:141;;
#speed:90;;
#speed:80;;
#steer:151;;
#steer:133;;
#speed:85;;
#steer:166;;
#speed:80;;
#steer:185;;
#speed:80;;
#steer:129;;
#speed:85;;
#steer:250;;
#speed:80;;
#steer:113;;
#speed:85;;
#steer:95;;
#speed:90;;
#steer:50;;
#speed:95;;
#steer:74;;
#speed:100;;
#steer:92;;
#speed:105;;
#steer:91;;
#speed:110;;
#steer:151;;
#speed:80;;
#steer:169;;
#speed:80;;
#steer:111;;
#speed:85;;
#steer:208;;
#speed:80;;
#steer:91;;
#speed:85;;
#steer:151;;
#speed:80;;
#steer:89;;
#speed:85;;
#steer:132;;
#speed:90;;
#steer:250;;
#speed:80;;
#steer:250;;
#speed:80;;
#steer:171;;
#speed:80;;
#steer:199;;
#speed:80;;
#steer:201;;
#speed:80;;
#steer:194;;
#speed:80;;
#steer:194;;
#speed:80;;
#steer:218;;
#speed:80;;
#speed:85;;
#steer:80;;
#steer:78;;
#speed:90;;
#steer:158;;
#speed:80;;
#steer:239;;
#speed:80;;
#steer:136;;
#speed:85;;
#steer:108;;
#speed:90;;
#steer:184;;
#speed:80;;
#steer:177;;
#speed:80;;
#steer:84;;
#speed:85;;
#steer:155;;
#speed:80;;
#steer:78;;
#speed:85;;
#steer:114;;
#speed:90;;
#steer:234;;
#speed:80;;
#steer:146;;
#speed:85;;
#steer:202;;
#speed:80;;
#steer:250;;
#speed:80;;
#steer:250;;
#speed:80;;
#steer:211;;
#speed:80;;
#steer:113;;
#speed:85;;
#steer:95;;
#speed:90;;
#steer:161;;
#speed:80;;
#steer:60;;
#speed:85;;
#steer:121;;
#speed:90;;
#steer:108;;
#speed:95;;
#speed:80;;
#steer:175;;
#steer:126;;
#speed:85;;
#steer:197;;
#speed:80;;
#steer:137;;
#speed:85;;
#steer:119;;
#speed:90;;
#steer:89;;
#speed:95;;
#steer:120;;
#speed:100;;
#steer:139;;
#speed:105;;
#steer:126;;
#speed:110;;
#steer:100;;
#speed:115;;
#steer:100;;
#speed:120;;
#steer:100;;
#speed:125;;
#steer:100;;
#speed:130;;
#steer:100;;
#speed:135;;
#steer:100;;
#speed:140;;
#steer:100;;
#speed:145;;
#steer:156;;
#speed:80;;
#steer:156;;
#speed:80;;
#steer:19;;
#speed:85;;
#steer:19;;
#speed:90;;
#steer:19;;
#speed:95;;
#steer:19;;
#speed:100;;
#speed:105;;
#steer:0;;
#steer:0;;
#speed:110;;
#steer:0;;
#speed:115;;
#steer:0;;
#speed:120;;
#steer:0;;
#speed:125;;
#steer:0;;
#speed:130;;
#speed:135;;
#steer:0;;
#speed:0;;
#steer:0;;
#speed:140;;
#steer:0;;
#speed:145;;
#steer:0;;
#speed:150;;
#steer:0;;
#speed:155;;
#speed:5;;
#steer:0;;
#speed:160;;
#steer:0;;
#speed:165;;
#steer:0;;
#speed:170;;
#steer:-103;;
#speed:165;;
#steer:-103;;
#speed:165;;
#steer:-214;;
#speed:80;;
#steer:-214;;
#speed:80;;
#steer:-227;;
#speed:80;;
#steer:-227;;
#speed:80;;
#steer:-250;;
#speed:80;;
#steer:-250;;
#speed:80;;
#steer:-213;;
#speed:80;;
#steer:-213;;
#speed:80;;
#steer:-118;;
#speed:85;;
#steer:-118;;
#speed:90;;
#steer:-250;;
#speed:80;;
#steer:-250;;
#speed:80;;
#steer:-118;;
#speed:85;;
#steer:-118;;
#speed:90;;
#steer:-113;;
#speed:95;;
#steer:-113;;
#speed:100;;
#steer:-38;;
#speed:105;;
#steer:-38;;
#speed:110;;
#steer:-69;;
#speed:115;;
#steer:0;;
#speed:120;;
#steer:0;;
#speed:125;;
#steer:0;;
#speed:130;;
#steer:0;;
#speed:135;;
#steer:0;;
#speed:140;;
#steer:0;;
#speed:145;;
#steer:0;;
#speed:150;;
#brake:0;;
#speed:-50;;
#speed:-100;;
#speed:-150;;
#brake:0;;
#kl:0;;
